<?xml version="1.0" encoding="UTF-8"?>
<!-- Generated by org.testng.reporters.JUnitXMLReporter -->
<testsuite hostname="Janky-PC" ignored="0" name="Command line test" tests="1" failures="1" timestamp="2020-05-09T00:21:39 IST" time="0.374" errors="0">
  <testcase name="step1" time="0.242" classname="testCases.TestCase_1">
    <failure type="java.lang.IllegalStateException" message="The driver executable does not exist: C:\testWorkspace\maven.selenium.testng">
      <![CDATA[java.lang.IllegalStateException: The driver executable does not exist: C:\testWorkspace\maven.selenium.testng
at com.google.common.base.Preconditions.checkState(Preconditions.java:585)
at org.openqa.selenium.remote.service.DriverService.checkExecutable(DriverService.java:146)
at org.openqa.selenium.remote.service.DriverService.findExecutable(DriverService.java:141)
at org.openqa.selenium.chrome.ChromeDriverService.access$000(ChromeDriverService.java:35)
at org.openqa.selenium.chrome.ChromeDriverService$Builder.findDefaultExecutable(ChromeDriverService.java:159)
at org.openqa.selenium.remote.service.DriverService$Builder.build(DriverService.java:355)
at org.openqa.selenium.chrome.ChromeDriverService.createDefaultService(ChromeDriverService.java:94)
at org.openqa.selenium.chrome.ChromeDriver.<init>(ChromeDriver.java:123)
at testCases.TestCase_1.step1(TestCase_1.java:16)
at java.util.ArrayList.forEach(ArrayList.java:1249)
... Removed 36 stack frames]]>
    </failure>
  </testcase> <!-- step1 -->
</testsuite> <!-- Command line test -->
